<?xml version='1.0'?>
<ns2:test-suite xmlns:ns2='urn:model.allure.qatools.yandex.ru' start='1591549296439' stop='1591549302484'>
    <name>Log in Test</name>
    <title>Log in Test</title>
    <test-cases>
        <test-case start='1591549296440' status='broken' stop='1591549299336'>
            <name>Verify sign up link exists on Log in page</name>
            <title>Verify sign up link exists on Log in page</title>
            <labels>
                <label name='language' value='javascript'/>
                <label name='framework' value='wdio'/>
                <label name='thread' value='0-0'/>
            </labels>
            <parameters>
                <parameter kind='argument' name='browser' value='chrome-83.0.4103.61'/>
            </parameters>
            <steps>
                <step start='1591549296511' status='passed' stop='1591549298782'>
                    <name>POST /session/:sessionId/url</name>
                    <title>POST /session/:sessionId/url</title>
                    <attachments>
                        <attachment title='Request' source='944397eb-c50c-4490-a8b2-a8f2b931fc76-attachment.json' type='application/json' size='39'/>
                    </attachments>
                    <steps/>
                </step>
                <step start='1591549298786' status='passed' stop='1591549298826'>
                    <name>POST /session/:sessionId/element</name>
                    <title>POST /session/:sessionId/element</title>
                    <attachments>
                        <attachment title='Request' source='cfe3b30a-40e9-4b41-bcfa-840011253ec4-attachment.json' type='application/json' size='58'/>
                        <attachment title='Response' source='01575828-6fe9-4497-8346-0599af999956-attachment.json' type='application/json' size='286'/>
                    </attachments>
                    <steps/>
                </step>
                <step start='1591549298844' status='passed' stop='1591549299333'>
                    <name>GET /session/:sessionId/screenshot</name>
                    <title>GET /session/:sessionId/screenshot</title>
                    <attachments>
                        <attachment title='Screenshot' source='d6d9a44e-eea0-4948-8944-540d0cbb1a2e-attachment.png' type='image/png' size='4687'/>
                    </attachments>
                    <steps/>
                </step>
            </steps>
            <attachments/>
            <failure>
                <message>waitForElementToDisplay is not defined</message>
                <stack-trace>ReferenceError: waitForElementToDisplay is not defined
                    at ElementUtil.elementIsDisplayed (C:\Users\Asus\Documents\WdIO_POM\util\elementUtil.js:21:8)
                    at LoginPage.isSignUpPageExist (C:\Users\Asus\Documents\WdIO_POM\pages\login.page.js:18:24)
                    at Context.&lt;anonymous> (C:\Users\Asus\Documents\WdIO_POM\test\loginTest.js:6:31)
                    at Context.executeSync (C:\Users\Asus\Documents\WdIO_POM\node_modules\@wdio\sync\build\index.js:56:18)
                    at C:\Users\Asus\Documents\WdIO_POM\node_modules\@wdio\sync\build\index.js:82:70</stack-trace>
            </failure>
        </test-case>
        <test-case start='1591549299337' status='broken' stop='1591549302481'>
            <name>Verify page title</name>
            <title>Verify page title</title>
            <labels>
                <label name='language' value='javascript'/>
                <label name='framework' value='wdio'/>
                <label name='thread' value='0-0'/>
            </labels>
            <parameters>
                <parameter kind='argument' name='browser' value='chrome-83.0.4103.61'/>
            </parameters>
            <steps>
                <step start='1591549299342' status='passed' stop='1591549300860'>
                    <name>POST /session/:sessionId/url</name>
                    <title>POST /session/:sessionId/url</title>
                    <attachments>
                        <attachment title='Request' source='06f69c30-1ccf-4b4c-b223-285b88f69ec4-attachment.json' type='application/json' size='39'/>
                    </attachments>
                    <steps/>
                </step>
                <step start='1591549300860' status='passed' stop='1591549302048'>
                    <name>POST /session/:sessionId/window/current/maximize</name>
                    <title>POST /session/:sessionId/window/current/maximize</title>
                    <attachments>
                        <attachment title='Response' source='ea13be35-cd9a-4c69-8eeb-892a072ba3f7-attachment.json' type='application/json' size='58'/>
                    </attachments>
                    <steps/>
                </step>
                <step start='1591549302050' status='passed' stop='1591549302480'>
                    <name>GET /session/:sessionId/screenshot</name>
                    <title>GET /session/:sessionId/screenshot</title>
                    <attachments>
                        <attachment title='Screenshot' source='d4fe5ec0-d63d-4fb9-9347-b7118f088517-attachment.png' type='image/png' size='39654'/>
                    </attachments>
                    <steps/>
                </step>
            </steps>
            <attachments/>
            <failure>
                <message>browser.getPageTitle is not a function</message>
                <stack-trace>TypeError: browser.getPageTitle is not a function
                    at ElementUtil.getPageTitle (C:\Users\Asus\Documents\WdIO_POM\util\elementUtil.js:26:24)
                    at LoginPage.getPageTitle (C:\Users\Asus\Documents\WdIO_POM\pages\login.page.js:13:25)
                    at Context.&lt;anonymous> (C:\Users\Asus\Documents\WdIO_POM\test\loginTest.js:12:29)
                    at Context.executeSync (C:\Users\Asus\Documents\WdIO_POM\node_modules\@wdio\sync\build\index.js:56:18)
                    at C:\Users\Asus\Documents\WdIO_POM\node_modules\@wdio\sync\build\index.js:82:70</stack-trace>
            </failure>
        </test-case>
    </test-cases>
</ns2:test-suite>