<?xml version='1.0'?>
<ns2:test-suite xmlns:ns2='urn:model.allure.qatools.yandex.ru' start='1591550342249' stop='1591550347858'>
    <name>Log in Test</name>
    <title>Log in Test</title>
    <test-cases>
        <test-case start='1591550342249' status='failed' stop='1591550345556'>
            <name>Verify sign up link exists on Log in page</name>
            <title>Verify sign up link exists on Log in page</title>
            <labels>
                <label name='language' value='javascript'/>
                <label name='framework' value='wdio'/>
                <label name='thread' value='0-0'/>
            </labels>
            <parameters>
                <parameter kind='argument' name='browser' value='chrome-83.0.4103.61'/>
            </parameters>
            <steps>
                <step start='1591550342329' status='passed' stop='1591550344921'>
                    <name>POST /session/:sessionId/url</name>
                    <title>POST /session/:sessionId/url</title>
                    <attachments>
                        <attachment title='Request' source='d1e04428-946d-45a4-b1f9-11d6dd9a9203-attachment.json' type='application/json' size='39'/>
                    </attachments>
                    <steps/>
                </step>
                <step start='1591550344926' status='passed' stop='1591550344992'>
                    <name>POST /session/:sessionId/element</name>
                    <title>POST /session/:sessionId/element</title>
                    <attachments>
                        <attachment title='Request' source='af12b534-0115-49ca-951d-5796d744888c-attachment.json' type='application/json' size='58'/>
                        <attachment title='Response' source='47ee15de-95e2-4fdc-af93-cba080557041-attachment.json' type='application/json' size='286'/>
                    </attachments>
                    <steps/>
                </step>
                <step start='1591550345014' status='passed' stop='1591550345058'>
                    <name>POST /session/:sessionId/element</name>
                    <title>POST /session/:sessionId/element</title>
                    <attachments>
                        <attachment title='Request' source='89c3cabb-b1ad-4663-a7df-02249afaa080-attachment.json' type='application/json' size='58'/>
                        <attachment title='Response' source='682143e1-7023-4a70-9097-31d37595309c-attachment.json' type='application/json' size='286'/>
                    </attachments>
                    <steps/>
                </step>
                <step start='1591550345067' status='passed' stop='1591550345106'>
                    <name>POST /session/:sessionId/element</name>
                    <title>POST /session/:sessionId/element</title>
                    <attachments>
                        <attachment title='Request' source='a4ee6af4-afa8-411b-be76-531ba2239ec1-attachment.json' type='application/json' size='58'/>
                        <attachment title='Response' source='67f31c1c-459e-4756-8055-fad4220b3318-attachment.json' type='application/json' size='286'/>
                    </attachments>
                    <steps/>
                </step>
                <step start='1591550345114' status='passed' stop='1591550345162'>
                    <name>POST /session/:sessionId/element</name>
                    <title>POST /session/:sessionId/element</title>
                    <attachments>
                        <attachment title='Request' source='21344a8c-57b0-4397-a279-117323cdd0c2-attachment.json' type='application/json' size='58'/>
                        <attachment title='Response' source='a38000b8-abf4-4c02-8b95-856ad2fa6ea0-attachment.json' type='application/json' size='286'/>
                    </attachments>
                    <steps/>
                </step>
                <step start='1591550345175' status='passed' stop='1591550345553'>
                    <name>GET /session/:sessionId/screenshot</name>
                    <title>GET /session/:sessionId/screenshot</title>
                    <attachments>
                        <attachment title='Screenshot' source='e9097bf4-0f7c-4871-b1a1-1ca17e6d1436-attachment.png' type='image/png' size='4645'/>
                    </attachments>
                    <steps/>
                </step>
            </steps>
            <attachments/>
            <failure>
                <message>Sign up link is not displayed: expected true to equal false</message>
                <stack-trace>AssertionError: Sign up link is not displayed: expected true to equal false
                    at Context.&lt;anonymous> (C:\Users\Asus\Documents\WdIO_POM\test\loginTest.js:7:16)
                    at Context.executeSync (C:\Users\Asus\Documents\WdIO_POM\node_modules\@wdio\sync\build\index.js:56:18)
                    at C:\Users\Asus\Documents\WdIO_POM\node_modules\@wdio\sync\build\index.js:82:70</stack-trace>
            </failure>
        </test-case>
        <test-case start='1591550345557' status='failed' stop='1591550347857'>
            <name>Verify page title</name>
            <title>Verify page title</title>
            <labels>
                <label name='language' value='javascript'/>
                <label name='framework' value='wdio'/>
                <label name='thread' value='0-0'/>
            </labels>
            <parameters>
                <parameter kind='argument' name='browser' value='chrome-83.0.4103.61'/>
            </parameters>
            <steps>
                <step start='1591550345559' status='passed' stop='1591550346321'>
                    <name>POST /session/:sessionId/url</name>
                    <title>POST /session/:sessionId/url</title>
                    <attachments>
                        <attachment title='Request' source='217f1231-d178-4373-bf18-b328316872c2-attachment.json' type='application/json' size='39'/>
                    </attachments>
                    <steps/>
                </step>
                <step start='1591550346321' status='passed' stop='1591550347459'>
                    <name>POST /session/:sessionId/window/current/maximize</name>
                    <title>POST /session/:sessionId/window/current/maximize</title>
                    <attachments>
                        <attachment title='Response' source='9949b9c8-85f2-45ff-9b7a-3af05f3dfc05-attachment.json' type='application/json' size='58'/>
                    </attachments>
                    <steps/>
                </step>
                <step start='1591550347460' status='passed' stop='1591550347490'>
                    <name>GET /session/:sessionId/title</name>
                    <title>GET /session/:sessionId/title</title>
                    <attachments>
                        <attachment title='Response' source='3536c269-67f2-437c-ad36-9f144141c7b9-attachment.json' type='application/json' size='18'/>
                    </attachments>
                    <steps/>
                </step>
                <step start='1591550347491' status='passed' stop='1591550347856'>
                    <name>GET /session/:sessionId/screenshot</name>
                    <title>GET /session/:sessionId/screenshot</title>
                    <attachments>
                        <attachment title='Screenshot' source='746d4714-1450-4089-bad6-aac3afa1626d-attachment.png' type='image/png' size='39786'/>
                    </attachments>
                    <steps/>
                </step>
            </steps>
            <attachments/>
            <failure>
                <message>title is not found: expected 'HubSpot Login' to equal 'Checking browser'</message>
                <stack-trace>AssertionError: title is not found: expected 'HubSpot Login' to equal 'Checking browser'
                    at Context.&lt;anonymous> (C:\Users\Asus\Documents\WdIO_POM\test\loginTest.js:14:15)
                    at Context.executeSync (C:\Users\Asus\Documents\WdIO_POM\node_modules\@wdio\sync\build\index.js:56:18)
                    at C:\Users\Asus\Documents\WdIO_POM\node_modules\@wdio\sync\build\index.js:82:70</stack-trace>
            </failure>
        </test-case>
    </test-cases>
</ns2:test-suite>