<?xml version='1.0'?>
<ns2:test-suite xmlns:ns2='urn:model.allure.qatools.yandex.ru' start='1591545187652' stop='1591545192917'>
    <name>Log in Test</name>
    <title>Log in Test</title>
    <test-cases>
        <test-case start='1591545187653' status='broken' stop='1591545191262'>
            <name>Verify sign up link exists on Log in page</name>
            <title>Verify sign up link exists on Log in page</title>
            <labels>
                <label name='language' value='javascript'/>
                <label name='framework' value='wdio'/>
                <label name='thread' value='0-0'/>
            </labels>
            <parameters>
                <parameter kind='argument' name='browser' value='chrome-83.0.4103.61'/>
            </parameters>
            <steps>
                <step start='1591545187721' status='passed' stop='1591545189714'>
                    <name>POST /session/:sessionId/url</name>
                    <title>POST /session/:sessionId/url</title>
                    <attachments>
                        <attachment title='Request' source='0d264b74-31d6-4b88-a1e3-2b8e18a3c7c3-attachment.json' type='application/json' size='39'/>
                    </attachments>
                    <steps/>
                </step>
                <step start='1591545189715' status='passed' stop='1591545190867'>
                    <name>POST /session/:sessionId/window/current/maximize</name>
                    <title>POST /session/:sessionId/window/current/maximize</title>
                    <attachments>
                        <attachment title='Response' source='88ae46d5-b997-49a3-ad1f-1912945b9226-attachment.json' type='application/json' size='58'/>
                    </attachments>
                    <steps/>
                </step>
                <step start='1591545190871' status='passed' stop='1591545191258'>
                    <name>GET /session/:sessionId/screenshot</name>
                    <title>GET /session/:sessionId/screenshot</title>
                    <attachments>
                        <attachment title='Screenshot' source='4f62d108-ded2-4ddd-908a-ec4e3533cdc5-attachment.png' type='image/png' size='39886'/>
                    </attachments>
                    <steps/>
                </step>
            </steps>
            <attachments/>
            <failure>
                <message>assert is not defined</message>
                <stack-trace>ReferenceError: assert is not defined
                    at Context.&lt;anonymous> (C:\Users\Asus\Documents\WdIO_POM\test\loginTest.js:6:9)
                    at Context.executeSync (C:\Users\Asus\Documents\WdIO_POM\node_modules\@wdio\sync\build\index.js:56:18)
                    at C:\Users\Asus\Documents\WdIO_POM\node_modules\@wdio\sync\build\index.js:82:70</stack-trace>
            </failure>
        </test-case>
        <test-case start='1591545191263' status='broken' stop='1591545192915'>
            <name>Verify page title</name>
            <title>Verify page title</title>
            <labels>
                <label name='language' value='javascript'/>
                <label name='framework' value='wdio'/>
                <label name='thread' value='0-0'/>
            </labels>
            <parameters>
                <parameter kind='argument' name='browser' value='chrome-83.0.4103.61'/>
            </parameters>
            <steps>
                <step start='1591545191268' status='passed' stop='1591545192443'>
                    <name>POST /session/:sessionId/url</name>
                    <title>POST /session/:sessionId/url</title>
                    <attachments>
                        <attachment title='Request' source='8bb2e7fe-b7b2-4d2a-a054-f16b3410fd26-attachment.json' type='application/json' size='39'/>
                    </attachments>
                    <steps/>
                </step>
                <step start='1591545192445' status='passed' stop='1591545192464'>
                    <name>POST /session/:sessionId/window/current/maximize</name>
                    <title>POST /session/:sessionId/window/current/maximize</title>
                    <attachments>
                        <attachment title='Response' source='635bea47-bd36-4be0-9f93-101f56162808-attachment.json' type='application/json' size='58'/>
                    </attachments>
                    <steps/>
                </step>
                <step start='1591545192466' status='passed' stop='1591545192914'>
                    <name>GET /session/:sessionId/screenshot</name>
                    <title>GET /session/:sessionId/screenshot</title>
                    <attachments>
                        <attachment title='Screenshot' source='f9190f3a-1e95-48f3-a3b6-525c23b60bba-attachment.png' type='image/png' size='5878'/>
                    </attachments>
                    <steps/>
                </step>
            </steps>
            <attachments/>
            <failure>
                <message>Cannot read property 'waitForDisplayed' of undefined</message>
                <stack-trace>TypeError: Cannot read property 'waitForDisplayed' of undefined
                    at ElementUtil.waitForElementToDisplay (C:\Users\Asus\Documents\WdIO_POM\util\elementUtil.js:28:17)
                    at LoginPage.isSignUpPageExist (C:\Users\Asus\Documents\WdIO_POM\pages\login.page.js:17:18)
                    at Context.&lt;anonymous> (C:\Users\Asus\Documents\WdIO_POM\test\loginTest.js:11:19)
                    at Context.executeSync (C:\Users\Asus\Documents\WdIO_POM\node_modules\@wdio\sync\build\index.js:56:18)
                    at C:\Users\Asus\Documents\WdIO_POM\node_modules\@wdio\sync\build\index.js:82:70</stack-trace>
            </failure>
        </test-case>
    </test-cases>
</ns2:test-suite>