<?xml version='1.0'?>
<ns2:test-suite xmlns:ns2='urn:model.allure.qatools.yandex.ru' start='1591549399656' stop='1591549404821'>
    <name>Log in Test</name>
    <title>Log in Test</title>
    <test-cases>
        <test-case start='1591549399657' status='broken' stop='1591549402271'>
            <name>Verify sign up link exists on Log in page</name>
            <title>Verify sign up link exists on Log in page</title>
            <labels>
                <label name='language' value='javascript'/>
                <label name='framework' value='wdio'/>
                <label name='thread' value='0-0'/>
            </labels>
            <parameters>
                <parameter kind='argument' name='browser' value='chrome-83.0.4103.61'/>
            </parameters>
            <steps>
                <step start='1591549399725' status='passed' stop='1591549401771'>
                    <name>POST /session/:sessionId/url</name>
                    <title>POST /session/:sessionId/url</title>
                    <attachments>
                        <attachment title='Request' source='d2851791-c847-4b51-a027-ccadd018a945-attachment.json' type='application/json' size='39'/>
                    </attachments>
                    <steps/>
                </step>
                <step start='1591549401776' status='passed' stop='1591549401837'>
                    <name>POST /session/:sessionId/element</name>
                    <title>POST /session/:sessionId/element</title>
                    <attachments>
                        <attachment title='Request' source='12ace909-f121-4737-a5fd-fea3df2ce078-attachment.json' type='application/json' size='58'/>
                        <attachment title='Response' source='fedacb22-e6c8-41ee-b2ab-619ea048f409-attachment.json' type='application/json' size='286'/>
                    </attachments>
                    <steps/>
                </step>
                <step start='1591549401874' status='passed' stop='1591549402267'>
                    <name>GET /session/:sessionId/screenshot</name>
                    <title>GET /session/:sessionId/screenshot</title>
                    <attachments>
                        <attachment title='Screenshot' source='3d5f22b1-bb6a-477f-ad14-9dcd2322a50d-attachment.png' type='image/png' size='4635'/>
                    </attachments>
                    <steps/>
                </step>
            </steps>
            <attachments/>
            <failure>
                <message>waitForElementToDisplay is not defined</message>
                <stack-trace>ReferenceError: waitForElementToDisplay is not defined
                    at ElementUtil.elementIsDisplayed (C:\Users\Asus\Documents\WdIO_POM\util\elementUtil.js:21:8)
                    at LoginPage.isSignUpPageExist (C:\Users\Asus\Documents\WdIO_POM\pages\login.page.js:18:24)
                    at Context.&lt;anonymous> (C:\Users\Asus\Documents\WdIO_POM\test\loginTest.js:6:31)
                    at Context.executeSync (C:\Users\Asus\Documents\WdIO_POM\node_modules\@wdio\sync\build\index.js:56:18)
                    at C:\Users\Asus\Documents\WdIO_POM\node_modules\@wdio\sync\build\index.js:82:70</stack-trace>
            </failure>
        </test-case>
        <test-case start='1591549402272' status='broken' stop='1591549404819'>
            <name>Verify page title</name>
            <title>Verify page title</title>
            <labels>
                <label name='language' value='javascript'/>
                <label name='framework' value='wdio'/>
                <label name='thread' value='0-0'/>
            </labels>
            <parameters>
                <parameter kind='argument' name='browser' value='chrome-83.0.4103.61'/>
            </parameters>
            <steps>
                <step start='1591549402277' status='passed' stop='1591549403289'>
                    <name>POST /session/:sessionId/url</name>
                    <title>POST /session/:sessionId/url</title>
                    <attachments>
                        <attachment title='Request' source='13a9467a-93a9-48ac-8a15-04291b9690df-attachment.json' type='application/json' size='39'/>
                    </attachments>
                    <steps/>
                </step>
                <step start='1591549403290' status='passed' stop='1591549404429'>
                    <name>POST /session/:sessionId/window/current/maximize</name>
                    <title>POST /session/:sessionId/window/current/maximize</title>
                    <attachments>
                        <attachment title='Response' source='804b615c-6ccb-4e4f-8f34-15eb9be16010-attachment.json' type='application/json' size='58'/>
                    </attachments>
                    <steps/>
                </step>
                <step start='1591549404429' status='passed' stop='1591549404449'>
                    <name>GET /session/:sessionId/title</name>
                    <title>GET /session/:sessionId/title</title>
                    <attachments>
                        <attachment title='Response' source='2ce03e69-5216-480e-aeba-f0abbb677bc5-attachment.json' type='application/json' size='18'/>
                    </attachments>
                    <steps/>
                </step>
                <step start='1591549404450' status='passed' stop='1591549404819'>
                    <name>GET /session/:sessionId/screenshot</name>
                    <title>GET /session/:sessionId/screenshot</title>
                    <attachments>
                        <attachment title='Screenshot' source='a807935d-1a72-489c-8179-ba9103849e68-attachment.png' type='image/png' size='39764'/>
                    </attachments>
                    <steps/>
                </step>
            </steps>
            <attachments/>
            <failure>
                <message>assert is not defined</message>
                <stack-trace>ReferenceError: assert is not defined
                    at Context.&lt;anonymous> (C:\Users\Asus\Documents\WdIO_POM\test\loginTest.js:14:8)
                    at Context.executeSync (C:\Users\Asus\Documents\WdIO_POM\node_modules\@wdio\sync\build\index.js:56:18)
                    at C:\Users\Asus\Documents\WdIO_POM\node_modules\@wdio\sync\build\index.js:82:70</stack-trace>
            </failure>
        </test-case>
    </test-cases>
</ns2:test-suite>