<?xml version='1.0'?>
<ns2:test-suite xmlns:ns2='urn:model.allure.qatools.yandex.ru' start='1591546332596' stop='1591546337960'>
    <name>Log in Test</name>
    <title>Log in Test</title>
    <test-cases>
        <test-case start='1591546332597' status='broken' stop='1591546336411'>
            <name>Verify sign up link exists on Log in page</name>
            <title>Verify sign up link exists on Log in page</title>
            <labels>
                <label name='language' value='javascript'/>
                <label name='framework' value='wdio'/>
                <label name='thread' value='0-0'/>
            </labels>
            <parameters>
                <parameter kind='argument' name='browser' value='chrome-83.0.4103.61'/>
            </parameters>
            <steps>
                <step start='1591546332667' status='passed' stop='1591546334649'>
                    <name>POST /session/:sessionId/url</name>
                    <title>POST /session/:sessionId/url</title>
                    <attachments>
                        <attachment title='Request' source='deb58723-07b0-4a0c-ab1e-59db1dd1345e-attachment.json' type='application/json' size='39'/>
                    </attachments>
                    <steps/>
                </step>
                <step start='1591546334650' status='passed' stop='1591546335805'>
                    <name>POST /session/:sessionId/window/current/maximize</name>
                    <title>POST /session/:sessionId/window/current/maximize</title>
                    <attachments>
                        <attachment title='Response' source='c1a23e5e-c561-44c9-8855-9f71b543003f-attachment.json' type='application/json' size='58'/>
                    </attachments>
                    <steps/>
                </step>
                <step start='1591546335807' status='passed' stop='1591546336407'>
                    <name>GET /session/:sessionId/screenshot</name>
                    <title>GET /session/:sessionId/screenshot</title>
                    <attachments>
                        <attachment title='Screenshot' source='712927b4-cb76-40c3-91be-1fc2129cb8c6-attachment.png' type='image/png' size='39757'/>
                    </attachments>
                    <steps/>
                </step>
            </steps>
            <attachments/>
            <failure>
                <message>assert is not defined</message>
                <stack-trace>ReferenceError: assert is not defined
                    at Context.&lt;anonymous> (C:\Users\Asus\Documents\WdIO_POM\test\loginTest.js:6:9)
                    at Context.executeSync (C:\Users\Asus\Documents\WdIO_POM\node_modules\@wdio\sync\build\index.js:56:18)
                    at C:\Users\Asus\Documents\WdIO_POM\node_modules\@wdio\sync\build\index.js:82:70</stack-trace>
            </failure>
        </test-case>
        <test-case start='1591546336413' status='broken' stop='1591546337956'>
            <name>Verify page title</name>
            <title>Verify page title</title>
            <labels>
                <label name='language' value='javascript'/>
                <label name='framework' value='wdio'/>
                <label name='thread' value='0-0'/>
            </labels>
            <parameters>
                <parameter kind='argument' name='browser' value='chrome-83.0.4103.61'/>
            </parameters>
            <steps>
                <step start='1591546336416' status='passed' stop='1591546337220'>
                    <name>POST /session/:sessionId/url</name>
                    <title>POST /session/:sessionId/url</title>
                    <attachments>
                        <attachment title='Request' source='68999070-799b-4dd1-87ae-f11aa35848f9-attachment.json' type='application/json' size='39'/>
                    </attachments>
                    <steps/>
                </step>
                <step start='1591546337220' status='passed' stop='1591546337247'>
                    <name>POST /session/:sessionId/window/current/maximize</name>
                    <title>POST /session/:sessionId/window/current/maximize</title>
                    <attachments>
                        <attachment title='Response' source='081db2e8-2488-4ae5-b99a-0b69bf9da4cd-attachment.json' type='application/json' size='58'/>
                    </attachments>
                    <steps/>
                </step>
                <step start='1591546337249' status='passed' stop='1591546337955'>
                    <name>GET /session/:sessionId/screenshot</name>
                    <title>GET /session/:sessionId/screenshot</title>
                    <attachments>
                        <attachment title='Screenshot' source='a53756c4-bffa-4a16-b9e9-fc43b5e372ea-attachment.png' type='image/png' size='5891'/>
                    </attachments>
                    <steps/>
                </step>
            </steps>
            <attachments/>
            <failure>
                <message>Cannot read property 'waitForDisplayed' of undefined</message>
                <stack-trace>TypeError: Cannot read property 'waitForDisplayed' of undefined
                    at ElementUtil.waitForElementToDisplay (C:\Users\Asus\Documents\WdIO_POM\util\elementUtil.js:30:17)
                    at LoginPage.isSignUpPageExist (C:\Users\Asus\Documents\WdIO_POM\pages\login.page.js:17:18)
                    at Context.&lt;anonymous> (C:\Users\Asus\Documents\WdIO_POM\test\loginTest.js:11:19)
                    at Context.executeSync (C:\Users\Asus\Documents\WdIO_POM\node_modules\@wdio\sync\build\index.js:56:18)
                    at C:\Users\Asus\Documents\WdIO_POM\node_modules\@wdio\sync\build\index.js:82:70</stack-trace>
            </failure>
        </test-case>
    </test-cases>
</ns2:test-suite>