<?xml version='1.0'?>
<ns2:test-suite xmlns:ns2='urn:model.allure.qatools.yandex.ru' start='1591549495034' stop='1591549501217'>
    <name>Log in Test</name>
    <title>Log in Test</title>
    <test-cases>
        <test-case start='1591549495035' status='broken' stop='1591549498313'>
            <name>Verify sign up link exists on Log in page</name>
            <title>Verify sign up link exists on Log in page</title>
            <labels>
                <label name='language' value='javascript'/>
                <label name='framework' value='wdio'/>
                <label name='thread' value='0-0'/>
            </labels>
            <parameters>
                <parameter kind='argument' name='browser' value='chrome-83.0.4103.61'/>
            </parameters>
            <steps>
                <step start='1591549495115' status='passed' stop='1591549497646'>
                    <name>POST /session/:sessionId/url</name>
                    <title>POST /session/:sessionId/url</title>
                    <attachments>
                        <attachment title='Request' source='b1757de9-e5ec-4b57-af30-7f77df29ea6d-attachment.json' type='application/json' size='39'/>
                    </attachments>
                    <steps/>
                </step>
                <step start='1591549497650' status='passed' stop='1591549497772'>
                    <name>POST /session/:sessionId/element</name>
                    <title>POST /session/:sessionId/element</title>
                    <attachments>
                        <attachment title='Request' source='ceb93e85-c9aa-461b-944d-f35ff242858f-attachment.json' type='application/json' size='58'/>
                        <attachment title='Response' source='30af4ce1-33a3-42cc-bc5e-d819d41da620-attachment.json' type='application/json' size='286'/>
                    </attachments>
                    <steps/>
                </step>
                <step start='1591549497795' status='passed' stop='1591549498308'>
                    <name>GET /session/:sessionId/screenshot</name>
                    <title>GET /session/:sessionId/screenshot</title>
                    <attachments>
                        <attachment title='Screenshot' source='59dee655-e9be-458f-961e-3142f9957d71-attachment.png' type='image/png' size='4661'/>
                    </attachments>
                    <steps/>
                </step>
            </steps>
            <attachments/>
            <failure>
                <message>waitForElementToDisplay is not defined</message>
                <stack-trace>ReferenceError: waitForElementToDisplay is not defined
                    at ElementUtil.elementIsDisplayed (C:\Users\Asus\Documents\WdIO_POM\util\elementUtil.js:21:8)
                    at LoginPage.isSignUpPageExist (C:\Users\Asus\Documents\WdIO_POM\pages\login.page.js:18:24)
                    at Context.&lt;anonymous> (C:\Users\Asus\Documents\WdIO_POM\test\loginTest.js:6:31)
                    at Context.executeSync (C:\Users\Asus\Documents\WdIO_POM\node_modules\@wdio\sync\build\index.js:56:18)
                    at C:\Users\Asus\Documents\WdIO_POM\node_modules\@wdio\sync\build\index.js:82:70</stack-trace>
            </failure>
        </test-case>
        <test-case start='1591549498314' status='failed' stop='1591549501215'>
            <name>Verify page title</name>
            <title>Verify page title</title>
            <labels>
                <label name='language' value='javascript'/>
                <label name='framework' value='wdio'/>
                <label name='thread' value='0-0'/>
            </labels>
            <parameters>
                <parameter kind='argument' name='browser' value='chrome-83.0.4103.61'/>
            </parameters>
            <steps>
                <step start='1591549498317' status='passed' stop='1591549499194'>
                    <name>POST /session/:sessionId/url</name>
                    <title>POST /session/:sessionId/url</title>
                    <attachments>
                        <attachment title='Request' source='f2fb4ca5-59e8-4f34-bafa-640ab1ce0532-attachment.json' type='application/json' size='39'/>
                    </attachments>
                    <steps/>
                </step>
                <step start='1591549499195' status='passed' stop='1591549500566'>
                    <name>POST /session/:sessionId/window/current/maximize</name>
                    <title>POST /session/:sessionId/window/current/maximize</title>
                    <attachments>
                        <attachment title='Response' source='9fa99d9a-2db9-426b-853f-d074381dfdf3-attachment.json' type='application/json' size='58'/>
                    </attachments>
                    <steps/>
                </step>
                <step start='1591549500566' status='passed' stop='1591549500598'>
                    <name>GET /session/:sessionId/title</name>
                    <title>GET /session/:sessionId/title</title>
                    <attachments>
                        <attachment title='Response' source='5f3cf7b5-7e3e-457a-9670-e7a851a2a7cb-attachment.json' type='application/json' size='18'/>
                    </attachments>
                    <steps/>
                </step>
                <step start='1591549500603' status='passed' stop='1591549501213'>
                    <name>GET /session/:sessionId/screenshot</name>
                    <title>GET /session/:sessionId/screenshot</title>
                    <attachments>
                        <attachment title='Screenshot' source='7540a04b-8f47-466d-bc56-d532ad2f06b9-attachment.png' type='image/png' size='39754'/>
                    </attachments>
                    <steps/>
                </step>
            </steps>
            <attachments/>
            <failure>
                <message>title is not found: expected 'HubSpot Login' to equal 'Checking browser'</message>
                <stack-trace>AssertionError: title is not found: expected 'HubSpot Login' to equal 'Checking browser'
                    at Context.&lt;anonymous> (C:\Users\Asus\Documents\WdIO_POM\test\loginTest.js:14:15)
                    at Context.executeSync (C:\Users\Asus\Documents\WdIO_POM\node_modules\@wdio\sync\build\index.js:56:18)
                    at C:\Users\Asus\Documents\WdIO_POM\node_modules\@wdio\sync\build\index.js:82:70</stack-trace>
            </failure>
        </test-case>
    </test-cases>
</ns2:test-suite>